<?xml version="1.0" encoding="UTF-8"?>
<testsuite name="testRepository.TestUseriRepositoryInFile" tests="1" skipped="0" failures="0" errors="0" timestamp="2018-04-03T11:26:56" hostname="Robert" time="0.016">
  <properties/>
  <testcase name="testCreateInstance" classname="testRepository.TestUseriRepositoryInFile" time="0.016"/>
  <system-out><![CDATA[]]></system-out>
  <system-err><![CDATA[]]></system-err>
</testsuite>
