<?xml version="1.0" encoding="UTF-8"?>
<testsuite name="testRepository.TestStudentiRepositoryXML" tests="3" skipped="0" failures="0" errors="0" timestamp="2018-04-03T11:26:56" hostname="Robert" time="0.031">
  <properties/>
  <testcase name="testCreateInstance" classname="testRepository.TestStudentiRepositoryXML" time="0.0"/>
  <testcase name="testDelete" classname="testRepository.TestStudentiRepositoryXML" time="0.0"/>
  <testcase name="testUpdate" classname="testRepository.TestStudentiRepositoryXML" time="0.016"/>
  <system-out><![CDATA[File saved!
File saved!
File saved!
File saved!
File saved!
]]></system-out>
  <system-err><![CDATA[]]></system-err>
</testsuite>
